app/build/intermediates/manifest_merge_blame_file/debug/manifest-merger-blame-debug-report.txt
1<?xml version="1.0" encoding="utf-8"?>
2<manifest xmlns:android="http://schemas.android.com/apk/res/android"
3    package="space.lobanov.firstapp"
4    android:versionCode="1"
5    android:versionName="1.0" >
6
7    <uses-sdk
8        android:minSdkVersion="26"
8-->src\main\AndroidManifest.xml
9        android:targetSdkVersion="30" />
9-->src\main\AndroidManifest.xml
10
11    <application
11-->src\main\AndroidManifest.xml:5:5-65:19
12        android:allowBackup="true"
12-->src\main\AndroidManifest.xml:6:9-35
13        android:appComponentFactory="androidx.core.app.CoreComponentFactory"
13-->[androidx.core:core:1.3.1] AndroidManifest.xml:24:18-86
14        android:debuggable="true"
15        android:extractNativeLibs="false"
16        android:icon="@mipmap/ic_launcher"
16-->src\main\AndroidManifest.xml:7:9-43
17        android:label="@string/app_name"
17-->src\main\AndroidManifest.xml:8:9-41
18        android:roundIcon="@mipmap/ic_launcher_round"
18-->src\main\AndroidManifest.xml:9:9-54
19        android:supportsRtl="true"
19-->src\main\AndroidManifest.xml:10:9-35
20        android:testOnly="true"
21        android:theme="@style/Theme.FirstApp" >
21-->src\main\AndroidManifest.xml:11:9-46
22        <activity
22-->src\main\AndroidManifest.xml:13:9-19:25
23            android:name="space.lobanov.firstapp.Level1"
23-->src\main\AndroidManifest.xml:13:19-41
24            android:screenOrientation="portrait" >
24-->src\main\AndroidManifest.xml:14:13-49
25            //горизонтальное отображение экрана
26            <intent-filter>
26-->src\main\AndroidManifest.xml:16:13-18:29
27                <category android:name="android.intent.category.LAUNCHER" />
27-->src\main\AndroidManifest.xml:17:17-77
27-->src\main\AndroidManifest.xml:17:27-74
28            </intent-filter>
29            >
30        </activity>
31        <activity
31-->src\main\AndroidManifest.xml:21:9-27:25
32            android:name="space.lobanov.firstapp.Level2"
32-->src\main\AndroidManifest.xml:21:19-41
33            android:screenOrientation="portrait" >
33-->src\main\AndroidManifest.xml:22:13-49
34            //горизонтальное отображение экрана
35            <intent-filter>
35-->src\main\AndroidManifest.xml:16:13-18:29
36                <category android:name="android.intent.category.LAUNCHER" />
36-->src\main\AndroidManifest.xml:17:17-77
36-->src\main\AndroidManifest.xml:17:27-74
37            </intent-filter>
38            >
39        </activity>
40        <activity
40-->src\main\AndroidManifest.xml:29:9-35:25
41            android:name="space.lobanov.firstapp.Level3"
41-->src\main\AndroidManifest.xml:29:19-41
42            android:screenOrientation="portrait" >
42-->src\main\AndroidManifest.xml:30:13-49
43            //горизонтальное отображение экрана
44            <intent-filter>
44-->src\main\AndroidManifest.xml:16:13-18:29
45                <category android:name="android.intent.category.LAUNCHER" />
45-->src\main\AndroidManifest.xml:17:17-77
45-->src\main\AndroidManifest.xml:17:27-74
46            </intent-filter>
47            >
48        </activity>
49        <activity
49-->src\main\AndroidManifest.xml:37:9-43:25
50            android:name="space.lobanov.firstapp.Level4"
50-->src\main\AndroidManifest.xml:37:19-41
51            android:screenOrientation="portrait" >
51-->src\main\AndroidManifest.xml:38:13-49
52            //горизонтальное отображение экрана
53            <intent-filter>
53-->src\main\AndroidManifest.xml:16:13-18:29
54                <category android:name="android.intent.category.LAUNCHER" />
54-->src\main\AndroidManifest.xml:17:17-77
54-->src\main\AndroidManifest.xml:17:27-74
55            </intent-filter>
56            >
57        </activity>
58        <activity
58-->src\main\AndroidManifest.xml:46:9-55:20
59            android:name="space.lobanov.firstapp.MainActivity"
59-->src\main\AndroidManifest.xml:47:13-41
60            android:screenOrientation="portrait" >
60-->src\main\AndroidManifest.xml:48:13-49
61            //горизонтальное отображение экрана
62            <intent-filter>
62-->src\main\AndroidManifest.xml:50:13-54:29
63                <action android:name="android.intent.action.MAIN" />
63-->src\main\AndroidManifest.xml:51:17-69
63-->src\main\AndroidManifest.xml:51:25-66
64
65                <category android:name="android.intent.category.LAUNCHER" />
65-->src\main\AndroidManifest.xml:17:17-77
65-->src\main\AndroidManifest.xml:17:27-74
66            </intent-filter>
67        </activity>
68        <activity
68-->src\main\AndroidManifest.xml:56:9-64:20
69            android:name="space.lobanov.firstapp.GameLevels"
69-->src\main\AndroidManifest.xml:58:13-39
70            android:screenOrientation="portrait" >
70-->src\main\AndroidManifest.xml:59:13-49
71            //горизонтальное отображение экрана
72            <intent-filter>
72-->src\main\AndroidManifest.xml:16:13-18:29
73                <category android:name="android.intent.category.LAUNCHER" />
73-->src\main\AndroidManifest.xml:17:17-77
73-->src\main\AndroidManifest.xml:17:27-74
74            </intent-filter>
75        </activity>
76    </application>
77
78</manifest>